2025-02-17 16:50:24,798 - DEBUG - ✅ Video reutilizado: /Users/karinalizarraga/jenkins-python-pipeline/local_videos/stars/20250217_162710_1877846_stars.mp4
2025-02-17 16:50:24,799 - DEBUG - ✅ Video reutilizado: /Users/karinalizarraga/jenkins-python-pipeline/local_videos/stars/20250217_162711_1926295_stars.mp4
2025-02-17 16:50:25,804 - INFO - ⏱️ Tiempo total para completar la función: 1.41 segundos
2025-02-17 16:50:38,820 - DEBUG - ✅ Video reutilizado: /Users/karinalizarraga/jenkins-python-pipeline/local_videos/stars/20250217_162710_1877846_stars.mp4
2025-02-17 16:50:38,821 - DEBUG - ✅ Video reutilizado: /Users/karinalizarraga/jenkins-python-pipeline/local_videos/stars/20250217_162711_1926295_stars.mp4
2025-02-17 16:50:39,827 - INFO - ⏱️ Tiempo total para completar la función: 1.28 segundos
2025-02-17 16:50:40,361 - DEBUG - ✅ Video reutilizado: /Users/karinalizarraga/jenkins-python-pipeline/local_videos/space/20250217_162707_1851190_space.mp4
2025-02-17 16:50:40,361 - DEBUG - ✅ Video reutilizado: /Users/karinalizarraga/jenkins-python-pipeline/local_videos/space/20250217_162707_1851190_space.mp4
2025-02-17 16:50:40,362 - DEBUG - ✅ Video reutilizado: /Users/karinalizarraga/jenkins-python-pipeline/local_videos/space/20250217_162707_856309_space.mp4
2025-02-17 16:50:40,362 - DEBUG - ✅ Video reutilizado: /Users/karinalizarraga/jenkins-python-pipeline/local_videos/space/20250217_162707_856309_space.mp4
2025-02-17 16:50:40,362 - DEBUG - ✅ Video reutilizado: /Users/karinalizarraga/jenkins-python-pipeline/local_videos/space/20250217_162707_854228_space.mp4
2025-02-17 16:50:40,362 - DEBUG - ✅ Video reutilizado: /Users/karinalizarraga/jenkins-python-pipeline/local_videos/space/20250217_162707_854228_space.mp4
2025-02-17 16:50:40,362 - DEBUG - ✅ Video reutilizado: /Users/karinalizarraga/jenkins-python-pipeline/local_videos/space/20250217_162708_856528_space.mp4
2025-02-17 16:50:40,362 - DEBUG - ✅ Video reutilizado: /Users/karinalizarraga/jenkins-python-pipeline/local_videos/space/20250217_162708_856528_space.mp4
2025-02-17 16:50:40,362 - DEBUG - ✅ Video reutilizado: /Users/karinalizarraga/jenkins-python-pipeline/local_videos/space/20250217_162708_3194277_space.mp4
2025-02-17 16:50:40,362 - DEBUG - ✅ Video reutilizado: /Users/karinalizarraga/jenkins-python-pipeline/local_videos/space/20250217_162708_3194277_space.mp4
2025-02-17 16:50:41,363 - INFO - ⏱️ Tiempo total para completar la función: 1.53 segundos
2025-02-17 16:50:41,363 - INFO - ⏱️ Tiempo total para completar la función: 1.53 segundos
2025-02-17 16:50:41,662 - DEBUG - ✅ Video reutilizado: /Users/karinalizarraga/jenkins-python-pipeline/local_videos/stars/20250217_162710_1877846_stars.mp4
2025-02-17 16:50:41,662 - DEBUG - ✅ Video reutilizado: /Users/karinalizarraga/jenkins-python-pipeline/local_videos/stars/20250217_162710_1877846_stars.mp4
2025-02-17 16:50:41,662 - DEBUG - ✅ Video reutilizado: /Users/karinalizarraga/jenkins-python-pipeline/local_videos/stars/20250217_162711_1926295_stars.mp4
2025-02-17 16:50:41,662 - DEBUG - ✅ Video reutilizado: /Users/karinalizarraga/jenkins-python-pipeline/local_videos/stars/20250217_162711_1926295_stars.mp4
2025-02-17 16:50:41,662 - DEBUG - ✅ Video reutilizado: /Users/karinalizarraga/jenkins-python-pipeline/local_videos/stars/20250217_162711_857134_stars.mp4
2025-02-17 16:50:41,662 - DEBUG - ✅ Video reutilizado: /Users/karinalizarraga/jenkins-python-pipeline/local_videos/stars/20250217_162711_857134_stars.mp4
2025-02-17 16:50:41,663 - DEBUG - ✅ Video reutilizado: /Users/karinalizarraga/jenkins-python-pipeline/local_videos/stars/20250217_162711_857136_stars.mp4
2025-02-17 16:50:41,663 - DEBUG - ✅ Video reutilizado: /Users/karinalizarraga/jenkins-python-pipeline/local_videos/stars/20250217_162711_857136_stars.mp4
2025-02-17 16:50:42,241 - INFO - ✅ Video guardado: /Users/karinalizarraga/jenkins-python-pipeline/local_videos/stars/20250217_165041_3194277_stars.mp4
2025-02-17 16:50:42,241 - INFO - ✅ Video guardado: /Users/karinalizarraga/jenkins-python-pipeline/local_videos/stars/20250217_165041_3194277_stars.mp4
2025-02-17 16:50:42,276 - INFO - ✅ Metadatos actualizados en: /Users/karinalizarraga/jenkins-python-pipeline/local_videos/metadatos.yaml
2025-02-17 16:50:42,276 - INFO - ✅ Metadatos actualizados en: /Users/karinalizarraga/jenkins-python-pipeline/local_videos/metadatos.yaml
2025-02-17 16:50:43,281 - INFO - ⏱️ Tiempo total para completar la función: 1.92 segundos
2025-02-17 16:50:43,281 - INFO - ⏱️ Tiempo total para completar la función: 1.92 segundos
2025-02-17 16:50:43,568 - DEBUG - ✅ Video reutilizado: /Users/karinalizarraga/jenkins-python-pipeline/local_videos/food/20250217_162715_1111421_food.mp4
2025-02-17 16:50:43,568 - DEBUG - ✅ Video reutilizado: /Users/karinalizarraga/jenkins-python-pipeline/local_videos/food/20250217_162715_1111421_food.mp4
2025-02-17 16:50:43,568 - DEBUG - ✅ Video reutilizado: /Users/karinalizarraga/jenkins-python-pipeline/local_videos/food/20250217_162715_3195650_food.mp4
2025-02-17 16:50:43,568 - DEBUG - ✅ Video reutilizado: /Users/karinalizarraga/jenkins-python-pipeline/local_videos/food/20250217_162715_3195650_food.mp4
2025-02-17 16:50:43,569 - DEBUG - ✅ Video reutilizado: /Users/karinalizarraga/jenkins-python-pipeline/local_videos/food/20250217_162716_3015488_food.mp4
2025-02-17 16:50:43,569 - DEBUG - ✅ Video reutilizado: /Users/karinalizarraga/jenkins-python-pipeline/local_videos/food/20250217_162716_3015488_food.mp4
2025-02-17 16:50:43,569 - DEBUG - ✅ Video reutilizado: /Users/karinalizarraga/jenkins-python-pipeline/local_videos/food/20250217_162717_856399_food.mp4
2025-02-17 16:50:43,569 - DEBUG - ✅ Video reutilizado: /Users/karinalizarraga/jenkins-python-pipeline/local_videos/food/20250217_162717_856399_food.mp4
2025-02-17 16:50:43,569 - DEBUG - ✅ Video reutilizado: /Users/karinalizarraga/jenkins-python-pipeline/local_videos/food/20250217_162717_2620043_food.mp4
2025-02-17 16:50:43,569 - DEBUG - ✅ Video reutilizado: /Users/karinalizarraga/jenkins-python-pipeline/local_videos/food/20250217_162717_2620043_food.mp4
2025-02-17 16:50:44,574 - INFO - ⏱️ Tiempo total para completar la función: 1.29 segundos
2025-02-17 16:50:44,574 - INFO - ⏱️ Tiempo total para completar la función: 1.29 segundos
2025-02-17 16:50:44,843 - DEBUG - ✅ Video reutilizado: /Users/karinalizarraga/jenkins-python-pipeline/local_videos/healthy/20250217_162719_854082_healthy.mp4
2025-02-17 16:50:44,843 - DEBUG - ✅ Video reutilizado: /Users/karinalizarraga/jenkins-python-pipeline/local_videos/healthy/20250217_162719_854082_healthy.mp4
2025-02-17 16:50:44,843 - DEBUG - ✅ Video reutilizado: /Users/karinalizarraga/jenkins-python-pipeline/local_videos/healthy/20250217_162719_3048880_healthy.mp4
2025-02-17 16:50:44,843 - DEBUG - ✅ Video reutilizado: /Users/karinalizarraga/jenkins-python-pipeline/local_videos/healthy/20250217_162719_3048880_healthy.mp4
2025-02-17 16:50:44,843 - DEBUG - ✅ Video reutilizado: /Users/karinalizarraga/jenkins-python-pipeline/local_videos/healthy/20250217_162720_3195728_healthy.mp4
2025-02-17 16:50:44,843 - DEBUG - ✅ Video reutilizado: /Users/karinalizarraga/jenkins-python-pipeline/local_videos/healthy/20250217_162720_3195728_healthy.mp4
2025-02-17 16:50:44,844 - DEBUG - ✅ Video reutilizado: /Users/karinalizarraga/jenkins-python-pipeline/local_videos/healthy/20250217_162721_3245641_healthy.mp4
2025-02-17 16:50:44,844 - DEBUG - ✅ Video reutilizado: /Users/karinalizarraga/jenkins-python-pipeline/local_videos/healthy/20250217_162721_3245641_healthy.mp4
2025-02-17 16:50:44,844 - DEBUG - ✅ Video reutilizado: /Users/karinalizarraga/jenkins-python-pipeline/local_videos/healthy/20250217_162722_3196176_healthy.mp4
2025-02-17 16:50:44,844 - DEBUG - ✅ Video reutilizado: /Users/karinalizarraga/jenkins-python-pipeline/local_videos/healthy/20250217_162722_3196176_healthy.mp4
2025-02-17 16:50:45,846 - INFO - ⏱️ Tiempo total para completar la función: 1.27 segundos
2025-02-17 16:50:45,846 - INFO - ⏱️ Tiempo total para completar la función: 1.27 segundos
2025-02-17 16:50:46,140 - DEBUG - ✅ Video reutilizado: /Users/karinalizarraga/jenkins-python-pipeline/local_videos/safety/20250217_162723_1721589_safety.mp4
2025-02-17 16:50:46,140 - DEBUG - ✅ Video reutilizado: /Users/karinalizarraga/jenkins-python-pipeline/local_videos/safety/20250217_162723_1721589_safety.mp4
2025-02-17 16:50:46,140 - DEBUG - ✅ Video reutilizado: /Users/karinalizarraga/jenkins-python-pipeline/local_videos/safety/20250217_162725_2108274_safety.mp4
2025-02-17 16:50:46,140 - DEBUG - ✅ Video reutilizado: /Users/karinalizarraga/jenkins-python-pipeline/local_videos/safety/20250217_162725_2108274_safety.mp4
2025-02-17 16:50:46,140 - DEBUG - ✅ Video reutilizado: /Users/karinalizarraga/jenkins-python-pipeline/local_videos/safety/20250217_162726_2070044_safety.mp4
2025-02-17 16:50:46,140 - DEBUG - ✅ Video reutilizado: /Users/karinalizarraga/jenkins-python-pipeline/local_videos/safety/20250217_162726_2070044_safety.mp4
2025-02-17 16:50:46,141 - DEBUG - ✅ Video reutilizado: /Users/karinalizarraga/jenkins-python-pipeline/local_videos/safety/20250217_162727_1249414_safety.mp4
2025-02-17 16:50:46,141 - DEBUG - ✅ Video reutilizado: /Users/karinalizarraga/jenkins-python-pipeline/local_videos/safety/20250217_162727_1249414_safety.mp4
2025-02-17 16:50:46,141 - DEBUG - ✅ Video reutilizado: /Users/karinalizarraga/jenkins-python-pipeline/local_videos/safety/20250217_162728_2865276_safety.mp4
2025-02-17 16:50:46,141 - DEBUG - ✅ Video reutilizado: /Users/karinalizarraga/jenkins-python-pipeline/local_videos/safety/20250217_162728_2865276_safety.mp4
2025-02-17 16:50:47,143 - INFO - ⏱️ Tiempo total para completar la función: 1.30 segundos
2025-02-17 16:50:47,143 - INFO - ⏱️ Tiempo total para completar la función: 1.30 segundos
2025-02-17 16:50:47,529 - DEBUG - ✅ Video reutilizado: /Users/karinalizarraga/jenkins-python-pipeline/local_videos/stressed/20250217_162730_4076737_stressed.mp4
2025-02-17 16:50:47,529 - DEBUG - ✅ Video reutilizado: /Users/karinalizarraga/jenkins-python-pipeline/local_videos/stressed/20250217_162730_4076737_stressed.mp4
2025-02-17 16:50:47,530 - DEBUG - ✅ Video reutilizado: /Users/karinalizarraga/jenkins-python-pipeline/local_videos/stressed/20250217_162731_4587760_stressed.mp4
2025-02-17 16:50:47,530 - DEBUG - ✅ Video reutilizado: /Users/karinalizarraga/jenkins-python-pipeline/local_videos/stressed/20250217_162731_4587760_stressed.mp4
2025-02-17 16:50:47,530 - DEBUG - ✅ Video reutilizado: /Users/karinalizarraga/jenkins-python-pipeline/local_videos/stressed/20250217_162732_2086113_stressed.mp4
2025-02-17 16:50:47,530 - DEBUG - ✅ Video reutilizado: /Users/karinalizarraga/jenkins-python-pipeline/local_videos/stressed/20250217_162732_2086113_stressed.mp4
2025-02-17 16:50:47,530 - DEBUG - ✅ Video reutilizado: /Users/karinalizarraga/jenkins-python-pipeline/local_videos/stressed/20250217_162732_4769542_stressed.mp4
2025-02-17 16:50:47,530 - DEBUG - ✅ Video reutilizado: /Users/karinalizarraga/jenkins-python-pipeline/local_videos/stressed/20250217_162732_4769542_stressed.mp4
2025-02-17 16:50:47,530 - DEBUG - ✅ Video reutilizado: /Users/karinalizarraga/jenkins-python-pipeline/local_videos/stressed/20250217_162733_4540693_stressed.mp4
2025-02-17 16:50:47,530 - DEBUG - ✅ Video reutilizado: /Users/karinalizarraga/jenkins-python-pipeline/local_videos/stressed/20250217_162733_4540693_stressed.mp4
2025-02-17 16:50:48,536 - INFO - ⏱️ Tiempo total para completar la función: 1.39 segundos
2025-02-17 16:50:48,536 - INFO - ⏱️ Tiempo total para completar la función: 1.39 segundos
2025-02-17 16:53:38,608 - DEBUG - ✅ Video reutilizado: /Users/karinalizarraga/jenkins-python-pipeline/local_videos/stars/20250217_162710_1877846_stars.mp4
2025-02-17 16:53:38,609 - DEBUG - ✅ Video reutilizado: /Users/karinalizarraga/jenkins-python-pipeline/local_videos/stars/20250217_162711_1926295_stars.mp4
2025-02-17 16:53:39,609 - INFO - ⏱️ Tiempo total para completar la función: 1.41 segundos
2025-02-17 16:53:39,934 - DEBUG - ✅ Video reutilizado: /Users/karinalizarraga/jenkins-python-pipeline/local_videos/space/20250217_162707_1851190_space.mp4
2025-02-17 16:53:39,934 - DEBUG - ✅ Video reutilizado: /Users/karinalizarraga/jenkins-python-pipeline/local_videos/space/20250217_162707_1851190_space.mp4
2025-02-17 16:53:39,935 - DEBUG - ✅ Video reutilizado: /Users/karinalizarraga/jenkins-python-pipeline/local_videos/space/20250217_162707_856309_space.mp4
2025-02-17 16:53:39,935 - DEBUG - ✅ Video reutilizado: /Users/karinalizarraga/jenkins-python-pipeline/local_videos/space/20250217_162707_856309_space.mp4
2025-02-17 16:53:39,935 - DEBUG - ✅ Video reutilizado: /Users/karinalizarraga/jenkins-python-pipeline/local_videos/space/20250217_162707_854228_space.mp4
2025-02-17 16:53:39,935 - DEBUG - ✅ Video reutilizado: /Users/karinalizarraga/jenkins-python-pipeline/local_videos/space/20250217_162707_854228_space.mp4
2025-02-17 16:53:39,935 - DEBUG - ✅ Video reutilizado: /Users/karinalizarraga/jenkins-python-pipeline/local_videos/space/20250217_162708_856528_space.mp4
2025-02-17 16:53:39,935 - DEBUG - ✅ Video reutilizado: /Users/karinalizarraga/jenkins-python-pipeline/local_videos/space/20250217_162708_856528_space.mp4
2025-02-17 16:53:39,935 - DEBUG - ✅ Video reutilizado: /Users/karinalizarraga/jenkins-python-pipeline/local_videos/space/20250217_162708_3194277_space.mp4
2025-02-17 16:53:39,935 - DEBUG - ✅ Video reutilizado: /Users/karinalizarraga/jenkins-python-pipeline/local_videos/space/20250217_162708_3194277_space.mp4
2025-02-17 16:53:40,941 - INFO - ⏱️ Tiempo total para completar la función: 1.32 segundos
2025-02-17 16:53:40,941 - INFO - ⏱️ Tiempo total para completar la función: 1.32 segundos
2025-02-17 16:53:41,283 - DEBUG - ✅ Video reutilizado: /Users/karinalizarraga/jenkins-python-pipeline/local_videos/stars/20250217_162710_1877846_stars.mp4
2025-02-17 16:53:41,283 - DEBUG - ✅ Video reutilizado: /Users/karinalizarraga/jenkins-python-pipeline/local_videos/stars/20250217_162710_1877846_stars.mp4
2025-02-17 16:53:41,284 - DEBUG - ✅ Video reutilizado: /Users/karinalizarraga/jenkins-python-pipeline/local_videos/stars/20250217_162711_1926295_stars.mp4
2025-02-17 16:53:41,284 - DEBUG - ✅ Video reutilizado: /Users/karinalizarraga/jenkins-python-pipeline/local_videos/stars/20250217_162711_1926295_stars.mp4
2025-02-17 16:53:41,285 - DEBUG - ✅ Video reutilizado: /Users/karinalizarraga/jenkins-python-pipeline/local_videos/stars/20250217_162711_857134_stars.mp4
2025-02-17 16:53:41,285 - DEBUG - ✅ Video reutilizado: /Users/karinalizarraga/jenkins-python-pipeline/local_videos/stars/20250217_162711_857134_stars.mp4
2025-02-17 16:53:41,285 - DEBUG - ✅ Video reutilizado: /Users/karinalizarraga/jenkins-python-pipeline/local_videos/stars/20250217_162711_857136_stars.mp4
2025-02-17 16:53:41,285 - DEBUG - ✅ Video reutilizado: /Users/karinalizarraga/jenkins-python-pipeline/local_videos/stars/20250217_162711_857136_stars.mp4
2025-02-17 16:53:41,894 - INFO - ✅ Video guardado: /Users/karinalizarraga/jenkins-python-pipeline/local_videos/stars/20250217_165341_3194277_stars.mp4
2025-02-17 16:53:41,894 - INFO - ✅ Video guardado: /Users/karinalizarraga/jenkins-python-pipeline/local_videos/stars/20250217_165341_3194277_stars.mp4
2025-02-17 16:53:41,931 - INFO - ✅ Metadatos actualizados en: /Users/karinalizarraga/jenkins-python-pipeline/local_videos/metadatos.yaml
2025-02-17 16:53:41,931 - INFO - ✅ Metadatos actualizados en: /Users/karinalizarraga/jenkins-python-pipeline/local_videos/metadatos.yaml
2025-02-17 16:53:42,936 - INFO - ⏱️ Tiempo total para completar la función: 1.99 segundos
2025-02-17 16:53:42,936 - INFO - ⏱️ Tiempo total para completar la función: 1.99 segundos
2025-02-17 16:53:43,313 - DEBUG - ✅ Video reutilizado: /Users/karinalizarraga/jenkins-python-pipeline/local_videos/food/20250217_162715_1111421_food.mp4
2025-02-17 16:53:43,313 - DEBUG - ✅ Video reutilizado: /Users/karinalizarraga/jenkins-python-pipeline/local_videos/food/20250217_162715_1111421_food.mp4
2025-02-17 16:53:43,314 - DEBUG - ✅ Video reutilizado: /Users/karinalizarraga/jenkins-python-pipeline/local_videos/food/20250217_162715_3195650_food.mp4
2025-02-17 16:53:43,314 - DEBUG - ✅ Video reutilizado: /Users/karinalizarraga/jenkins-python-pipeline/local_videos/food/20250217_162715_3195650_food.mp4
2025-02-17 16:53:43,314 - DEBUG - ✅ Video reutilizado: /Users/karinalizarraga/jenkins-python-pipeline/local_videos/food/20250217_162716_3015488_food.mp4
2025-02-17 16:53:43,314 - DEBUG - ✅ Video reutilizado: /Users/karinalizarraga/jenkins-python-pipeline/local_videos/food/20250217_162716_3015488_food.mp4
2025-02-17 16:53:43,314 - DEBUG - ✅ Video reutilizado: /Users/karinalizarraga/jenkins-python-pipeline/local_videos/food/20250217_162717_856399_food.mp4
2025-02-17 16:53:43,314 - DEBUG - ✅ Video reutilizado: /Users/karinalizarraga/jenkins-python-pipeline/local_videos/food/20250217_162717_856399_food.mp4
2025-02-17 16:53:43,314 - DEBUG - ✅ Video reutilizado: /Users/karinalizarraga/jenkins-python-pipeline/local_videos/food/20250217_162717_2620043_food.mp4
2025-02-17 16:53:43,314 - DEBUG - ✅ Video reutilizado: /Users/karinalizarraga/jenkins-python-pipeline/local_videos/food/20250217_162717_2620043_food.mp4
2025-02-17 16:53:44,320 - INFO - ⏱️ Tiempo total para completar la función: 1.38 segundos
2025-02-17 16:53:44,320 - INFO - ⏱️ Tiempo total para completar la función: 1.38 segundos
2025-02-17 16:53:44,599 - DEBUG - ✅ Video reutilizado: /Users/karinalizarraga/jenkins-python-pipeline/local_videos/healthy/20250217_162719_854082_healthy.mp4
2025-02-17 16:53:44,599 - DEBUG - ✅ Video reutilizado: /Users/karinalizarraga/jenkins-python-pipeline/local_videos/healthy/20250217_162719_854082_healthy.mp4
2025-02-17 16:53:44,600 - DEBUG - ✅ Video reutilizado: /Users/karinalizarraga/jenkins-python-pipeline/local_videos/healthy/20250217_162719_3048880_healthy.mp4
2025-02-17 16:53:44,600 - DEBUG - ✅ Video reutilizado: /Users/karinalizarraga/jenkins-python-pipeline/local_videos/healthy/20250217_162719_3048880_healthy.mp4
2025-02-17 16:53:44,600 - DEBUG - ✅ Video reutilizado: /Users/karinalizarraga/jenkins-python-pipeline/local_videos/healthy/20250217_162720_3195728_healthy.mp4
2025-02-17 16:53:44,600 - DEBUG - ✅ Video reutilizado: /Users/karinalizarraga/jenkins-python-pipeline/local_videos/healthy/20250217_162720_3195728_healthy.mp4
2025-02-17 16:53:44,600 - DEBUG - ✅ Video reutilizado: /Users/karinalizarraga/jenkins-python-pipeline/local_videos/healthy/20250217_162721_3245641_healthy.mp4
2025-02-17 16:53:44,600 - DEBUG - ✅ Video reutilizado: /Users/karinalizarraga/jenkins-python-pipeline/local_videos/healthy/20250217_162721_3245641_healthy.mp4
2025-02-17 16:53:44,600 - DEBUG - ✅ Video reutilizado: /Users/karinalizarraga/jenkins-python-pipeline/local_videos/healthy/20250217_162722_3196176_healthy.mp4
2025-02-17 16:53:44,600 - DEBUG - ✅ Video reutilizado: /Users/karinalizarraga/jenkins-python-pipeline/local_videos/healthy/20250217_162722_3196176_healthy.mp4
2025-02-17 16:53:45,606 - INFO - ⏱️ Tiempo total para completar la función: 1.28 segundos
2025-02-17 16:53:45,606 - INFO - ⏱️ Tiempo total para completar la función: 1.28 segundos
2025-02-17 16:53:45,929 - DEBUG - ✅ Video reutilizado: /Users/karinalizarraga/jenkins-python-pipeline/local_videos/safety/20250217_162723_1721589_safety.mp4
2025-02-17 16:53:45,929 - DEBUG - ✅ Video reutilizado: /Users/karinalizarraga/jenkins-python-pipeline/local_videos/safety/20250217_162723_1721589_safety.mp4
2025-02-17 16:53:45,930 - DEBUG - ✅ Video reutilizado: /Users/karinalizarraga/jenkins-python-pipeline/local_videos/safety/20250217_162725_2108274_safety.mp4
2025-02-17 16:53:45,930 - DEBUG - ✅ Video reutilizado: /Users/karinalizarraga/jenkins-python-pipeline/local_videos/safety/20250217_162725_2108274_safety.mp4
2025-02-17 16:53:45,930 - DEBUG - ✅ Video reutilizado: /Users/karinalizarraga/jenkins-python-pipeline/local_videos/safety/20250217_162726_2070044_safety.mp4
2025-02-17 16:53:45,930 - DEBUG - ✅ Video reutilizado: /Users/karinalizarraga/jenkins-python-pipeline/local_videos/safety/20250217_162726_2070044_safety.mp4
2025-02-17 16:53:45,931 - DEBUG - ✅ Video reutilizado: /Users/karinalizarraga/jenkins-python-pipeline/local_videos/safety/20250217_162727_1249414_safety.mp4
2025-02-17 16:53:45,931 - DEBUG - ✅ Video reutilizado: /Users/karinalizarraga/jenkins-python-pipeline/local_videos/safety/20250217_162727_1249414_safety.mp4
2025-02-17 16:53:45,931 - DEBUG - ✅ Video reutilizado: /Users/karinalizarraga/jenkins-python-pipeline/local_videos/safety/20250217_162728_2865276_safety.mp4
2025-02-17 16:53:45,931 - DEBUG - ✅ Video reutilizado: /Users/karinalizarraga/jenkins-python-pipeline/local_videos/safety/20250217_162728_2865276_safety.mp4
2025-02-17 16:53:46,933 - INFO - ⏱️ Tiempo total para completar la función: 1.33 segundos
2025-02-17 16:53:46,933 - INFO - ⏱️ Tiempo total para completar la función: 1.33 segundos
2025-02-17 16:53:47,266 - DEBUG - ✅ Video reutilizado: /Users/karinalizarraga/jenkins-python-pipeline/local_videos/stressed/20250217_162730_4076737_stressed.mp4
2025-02-17 16:53:47,266 - DEBUG - ✅ Video reutilizado: /Users/karinalizarraga/jenkins-python-pipeline/local_videos/stressed/20250217_162730_4076737_stressed.mp4
2025-02-17 16:53:47,266 - DEBUG - ✅ Video reutilizado: /Users/karinalizarraga/jenkins-python-pipeline/local_videos/stressed/20250217_162731_4587760_stressed.mp4
2025-02-17 16:53:47,266 - DEBUG - ✅ Video reutilizado: /Users/karinalizarraga/jenkins-python-pipeline/local_videos/stressed/20250217_162731_4587760_stressed.mp4
2025-02-17 16:53:47,266 - DEBUG - ✅ Video reutilizado: /Users/karinalizarraga/jenkins-python-pipeline/local_videos/stressed/20250217_162732_2086113_stressed.mp4
2025-02-17 16:53:47,266 - DEBUG - ✅ Video reutilizado: /Users/karinalizarraga/jenkins-python-pipeline/local_videos/stressed/20250217_162732_2086113_stressed.mp4
2025-02-17 16:53:47,266 - DEBUG - ✅ Video reutilizado: /Users/karinalizarraga/jenkins-python-pipeline/local_videos/stressed/20250217_162732_4769542_stressed.mp4
2025-02-17 16:53:47,266 - DEBUG - ✅ Video reutilizado: /Users/karinalizarraga/jenkins-python-pipeline/local_videos/stressed/20250217_162732_4769542_stressed.mp4
2025-02-17 16:53:47,267 - DEBUG - ✅ Video reutilizado: /Users/karinalizarraga/jenkins-python-pipeline/local_videos/stressed/20250217_162733_4540693_stressed.mp4
2025-02-17 16:53:47,267 - DEBUG - ✅ Video reutilizado: /Users/karinalizarraga/jenkins-python-pipeline/local_videos/stressed/20250217_162733_4540693_stressed.mp4
2025-02-17 16:53:48,268 - INFO - ⏱️ Tiempo total para completar la función: 1.33 segundos
2025-02-17 16:53:48,268 - INFO - ⏱️ Tiempo total para completar la función: 1.33 segundos
2025-02-17 16:54:22,545 - DEBUG - ✅ Video reutilizado: /Users/karinalizarraga/jenkins-python-pipeline/local_videos/stars/20250217_162710_1877846_stars.mp4
2025-02-17 16:54:22,546 - DEBUG - ✅ Video reutilizado: /Users/karinalizarraga/jenkins-python-pipeline/local_videos/stars/20250217_162711_1926295_stars.mp4
2025-02-17 16:54:23,547 - INFO - ⏱️ Tiempo total para completar la función: 1.36 segundos
2025-02-17 16:54:23,825 - DEBUG - ✅ Video reutilizado: /Users/karinalizarraga/jenkins-python-pipeline/local_videos/space/20250217_162707_1851190_space.mp4
2025-02-17 16:54:23,825 - DEBUG - ✅ Video reutilizado: /Users/karinalizarraga/jenkins-python-pipeline/local_videos/space/20250217_162707_1851190_space.mp4
2025-02-17 16:54:23,826 - DEBUG - ✅ Video reutilizado: /Users/karinalizarraga/jenkins-python-pipeline/local_videos/space/20250217_162707_856309_space.mp4
2025-02-17 16:54:23,826 - DEBUG - ✅ Video reutilizado: /Users/karinalizarraga/jenkins-python-pipeline/local_videos/space/20250217_162707_856309_space.mp4
2025-02-17 16:54:23,826 - DEBUG - ✅ Video reutilizado: /Users/karinalizarraga/jenkins-python-pipeline/local_videos/space/20250217_162707_854228_space.mp4
2025-02-17 16:54:23,826 - DEBUG - ✅ Video reutilizado: /Users/karinalizarraga/jenkins-python-pipeline/local_videos/space/20250217_162707_854228_space.mp4
2025-02-17 16:54:23,826 - DEBUG - ✅ Video reutilizado: /Users/karinalizarraga/jenkins-python-pipeline/local_videos/space/20250217_162708_856528_space.mp4
2025-02-17 16:54:23,826 - DEBUG - ✅ Video reutilizado: /Users/karinalizarraga/jenkins-python-pipeline/local_videos/space/20250217_162708_856528_space.mp4
2025-02-17 16:54:23,827 - DEBUG - ✅ Video reutilizado: /Users/karinalizarraga/jenkins-python-pipeline/local_videos/space/20250217_162708_3194277_space.mp4
2025-02-17 16:54:23,827 - DEBUG - ✅ Video reutilizado: /Users/karinalizarraga/jenkins-python-pipeline/local_videos/space/20250217_162708_3194277_space.mp4
2025-02-17 16:54:24,830 - INFO - ⏱️ Tiempo total para completar la función: 1.28 segundos
2025-02-17 16:54:24,830 - INFO - ⏱️ Tiempo total para completar la función: 1.28 segundos
2025-02-17 16:54:25,258 - DEBUG - ✅ Video reutilizado: /Users/karinalizarraga/jenkins-python-pipeline/local_videos/stars/20250217_162710_1877846_stars.mp4
2025-02-17 16:54:25,258 - DEBUG - ✅ Video reutilizado: /Users/karinalizarraga/jenkins-python-pipeline/local_videos/stars/20250217_162710_1877846_stars.mp4
2025-02-17 16:54:25,258 - DEBUG - ✅ Video reutilizado: /Users/karinalizarraga/jenkins-python-pipeline/local_videos/stars/20250217_162711_1926295_stars.mp4
2025-02-17 16:54:25,258 - DEBUG - ✅ Video reutilizado: /Users/karinalizarraga/jenkins-python-pipeline/local_videos/stars/20250217_162711_1926295_stars.mp4
2025-02-17 16:54:25,259 - DEBUG - ✅ Video reutilizado: /Users/karinalizarraga/jenkins-python-pipeline/local_videos/stars/20250217_162711_857134_stars.mp4
2025-02-17 16:54:25,259 - DEBUG - ✅ Video reutilizado: /Users/karinalizarraga/jenkins-python-pipeline/local_videos/stars/20250217_162711_857134_stars.mp4
2025-02-17 16:54:25,259 - DEBUG - ✅ Video reutilizado: /Users/karinalizarraga/jenkins-python-pipeline/local_videos/stars/20250217_162711_857136_stars.mp4
2025-02-17 16:54:25,259 - DEBUG - ✅ Video reutilizado: /Users/karinalizarraga/jenkins-python-pipeline/local_videos/stars/20250217_162711_857136_stars.mp4
2025-02-17 16:54:25,785 - INFO - ✅ Video guardado: /Users/karinalizarraga/jenkins-python-pipeline/local_videos/stars/20250217_165425_3194277_stars.mp4
2025-02-17 16:54:25,785 - INFO - ✅ Video guardado: /Users/karinalizarraga/jenkins-python-pipeline/local_videos/stars/20250217_165425_3194277_stars.mp4
2025-02-17 16:54:25,823 - INFO - ✅ Metadatos actualizados en: /Users/karinalizarraga/jenkins-python-pipeline/local_videos/metadatos.yaml
2025-02-17 16:54:25,823 - INFO - ✅ Metadatos actualizados en: /Users/karinalizarraga/jenkins-python-pipeline/local_videos/metadatos.yaml
2025-02-17 16:54:26,824 - INFO - ⏱️ Tiempo total para completar la función: 1.99 segundos
2025-02-17 16:54:26,824 - INFO - ⏱️ Tiempo total para completar la función: 1.99 segundos
2025-02-17 16:54:27,278 - DEBUG - ✅ Video reutilizado: /Users/karinalizarraga/jenkins-python-pipeline/local_videos/food/20250217_162715_1111421_food.mp4
2025-02-17 16:54:27,278 - DEBUG - ✅ Video reutilizado: /Users/karinalizarraga/jenkins-python-pipeline/local_videos/food/20250217_162715_1111421_food.mp4
2025-02-17 16:54:27,278 - DEBUG - ✅ Video reutilizado: /Users/karinalizarraga/jenkins-python-pipeline/local_videos/food/20250217_162715_3195650_food.mp4
2025-02-17 16:54:27,278 - DEBUG - ✅ Video reutilizado: /Users/karinalizarraga/jenkins-python-pipeline/local_videos/food/20250217_162715_3195650_food.mp4
2025-02-17 16:54:27,278 - DEBUG - ✅ Video reutilizado: /Users/karinalizarraga/jenkins-python-pipeline/local_videos/food/20250217_162716_3015488_food.mp4
2025-02-17 16:54:27,278 - DEBUG - ✅ Video reutilizado: /Users/karinalizarraga/jenkins-python-pipeline/local_videos/food/20250217_162716_3015488_food.mp4
2025-02-17 16:54:27,279 - DEBUG - ✅ Video reutilizado: /Users/karinalizarraga/jenkins-python-pipeline/local_videos/food/20250217_162717_856399_food.mp4
2025-02-17 16:54:27,279 - DEBUG - ✅ Video reutilizado: /Users/karinalizarraga/jenkins-python-pipeline/local_videos/food/20250217_162717_856399_food.mp4
2025-02-17 16:54:27,279 - DEBUG - ✅ Video reutilizado: /Users/karinalizarraga/jenkins-python-pipeline/local_videos/food/20250217_162717_2620043_food.mp4
2025-02-17 16:54:27,279 - DEBUG - ✅ Video reutilizado: /Users/karinalizarraga/jenkins-python-pipeline/local_videos/food/20250217_162717_2620043_food.mp4
2025-02-17 16:54:28,284 - INFO - ⏱️ Tiempo total para completar la función: 1.46 segundos
2025-02-17 16:54:28,284 - INFO - ⏱️ Tiempo total para completar la función: 1.46 segundos
2025-02-17 16:54:28,704 - DEBUG - ✅ Video reutilizado: /Users/karinalizarraga/jenkins-python-pipeline/local_videos/healthy/20250217_162719_854082_healthy.mp4
2025-02-17 16:54:28,704 - DEBUG - ✅ Video reutilizado: /Users/karinalizarraga/jenkins-python-pipeline/local_videos/healthy/20250217_162719_854082_healthy.mp4
2025-02-17 16:54:28,704 - DEBUG - ✅ Video reutilizado: /Users/karinalizarraga/jenkins-python-pipeline/local_videos/healthy/20250217_162719_3048880_healthy.mp4
2025-02-17 16:54:28,704 - DEBUG - ✅ Video reutilizado: /Users/karinalizarraga/jenkins-python-pipeline/local_videos/healthy/20250217_162719_3048880_healthy.mp4
2025-02-17 16:54:28,704 - DEBUG - ✅ Video reutilizado: /Users/karinalizarraga/jenkins-python-pipeline/local_videos/healthy/20250217_162720_3195728_healthy.mp4
2025-02-17 16:54:28,704 - DEBUG - ✅ Video reutilizado: /Users/karinalizarraga/jenkins-python-pipeline/local_videos/healthy/20250217_162720_3195728_healthy.mp4
2025-02-17 16:54:28,704 - DEBUG - ✅ Video reutilizado: /Users/karinalizarraga/jenkins-python-pipeline/local_videos/healthy/20250217_162721_3245641_healthy.mp4
2025-02-17 16:54:28,704 - DEBUG - ✅ Video reutilizado: /Users/karinalizarraga/jenkins-python-pipeline/local_videos/healthy/20250217_162721_3245641_healthy.mp4
2025-02-17 16:54:28,705 - DEBUG - ✅ Video reutilizado: /Users/karinalizarraga/jenkins-python-pipeline/local_videos/healthy/20250217_162722_3196176_healthy.mp4
2025-02-17 16:54:28,705 - DEBUG - ✅ Video reutilizado: /Users/karinalizarraga/jenkins-python-pipeline/local_videos/healthy/20250217_162722_3196176_healthy.mp4
2025-02-17 16:54:29,705 - INFO - ⏱️ Tiempo total para completar la función: 1.42 segundos
2025-02-17 16:54:29,705 - INFO - ⏱️ Tiempo total para completar la función: 1.42 segundos
2025-02-17 16:54:29,976 - DEBUG - ✅ Video reutilizado: /Users/karinalizarraga/jenkins-python-pipeline/local_videos/safety/20250217_162723_1721589_safety.mp4
2025-02-17 16:54:29,976 - DEBUG - ✅ Video reutilizado: /Users/karinalizarraga/jenkins-python-pipeline/local_videos/safety/20250217_162723_1721589_safety.mp4
2025-02-17 16:54:29,976 - DEBUG - ✅ Video reutilizado: /Users/karinalizarraga/jenkins-python-pipeline/local_videos/safety/20250217_162725_2108274_safety.mp4
2025-02-17 16:54:29,976 - DEBUG - ✅ Video reutilizado: /Users/karinalizarraga/jenkins-python-pipeline/local_videos/safety/20250217_162725_2108274_safety.mp4
2025-02-17 16:54:29,976 - DEBUG - ✅ Video reutilizado: /Users/karinalizarraga/jenkins-python-pipeline/local_videos/safety/20250217_162726_2070044_safety.mp4
2025-02-17 16:54:29,976 - DEBUG - ✅ Video reutilizado: /Users/karinalizarraga/jenkins-python-pipeline/local_videos/safety/20250217_162726_2070044_safety.mp4
2025-02-17 16:54:29,977 - DEBUG - ✅ Video reutilizado: /Users/karinalizarraga/jenkins-python-pipeline/local_videos/safety/20250217_162727_1249414_safety.mp4
2025-02-17 16:54:29,977 - DEBUG - ✅ Video reutilizado: /Users/karinalizarraga/jenkins-python-pipeline/local_videos/safety/20250217_162727_1249414_safety.mp4
2025-02-17 16:54:29,977 - DEBUG - ✅ Video reutilizado: /Users/karinalizarraga/jenkins-python-pipeline/local_videos/safety/20250217_162728_2865276_safety.mp4
2025-02-17 16:54:29,977 - DEBUG - ✅ Video reutilizado: /Users/karinalizarraga/jenkins-python-pipeline/local_videos/safety/20250217_162728_2865276_safety.mp4
2025-02-17 16:54:30,977 - INFO - ⏱️ Tiempo total para completar la función: 1.27 segundos
2025-02-17 16:54:30,977 - INFO - ⏱️ Tiempo total para completar la función: 1.27 segundos
2025-02-17 16:54:31,280 - DEBUG - ✅ Video reutilizado: /Users/karinalizarraga/jenkins-python-pipeline/local_videos/stressed/20250217_162730_4076737_stressed.mp4
2025-02-17 16:54:31,280 - DEBUG - ✅ Video reutilizado: /Users/karinalizarraga/jenkins-python-pipeline/local_videos/stressed/20250217_162730_4076737_stressed.mp4
2025-02-17 16:54:31,281 - DEBUG - ✅ Video reutilizado: /Users/karinalizarraga/jenkins-python-pipeline/local_videos/stressed/20250217_162731_4587760_stressed.mp4
2025-02-17 16:54:31,281 - DEBUG - ✅ Video reutilizado: /Users/karinalizarraga/jenkins-python-pipeline/local_videos/stressed/20250217_162731_4587760_stressed.mp4
2025-02-17 16:54:31,281 - DEBUG - ✅ Video reutilizado: /Users/karinalizarraga/jenkins-python-pipeline/local_videos/stressed/20250217_162732_2086113_stressed.mp4
2025-02-17 16:54:31,281 - DEBUG - ✅ Video reutilizado: /Users/karinalizarraga/jenkins-python-pipeline/local_videos/stressed/20250217_162732_2086113_stressed.mp4
2025-02-17 16:54:31,281 - DEBUG - ✅ Video reutilizado: /Users/karinalizarraga/jenkins-python-pipeline/local_videos/stressed/20250217_162732_4769542_stressed.mp4
2025-02-17 16:54:31,281 - DEBUG - ✅ Video reutilizado: /Users/karinalizarraga/jenkins-python-pipeline/local_videos/stressed/20250217_162732_4769542_stressed.mp4
2025-02-17 16:54:31,281 - DEBUG - ✅ Video reutilizado: /Users/karinalizarraga/jenkins-python-pipeline/local_videos/stressed/20250217_162733_4540693_stressed.mp4
2025-02-17 16:54:31,281 - DEBUG - ✅ Video reutilizado: /Users/karinalizarraga/jenkins-python-pipeline/local_videos/stressed/20250217_162733_4540693_stressed.mp4
2025-02-17 16:54:32,283 - INFO - ⏱️ Tiempo total para completar la función: 1.30 segundos
2025-02-17 16:54:32,283 - INFO - ⏱️ Tiempo total para completar la función: 1.30 segundos
2025-02-17 17:07:40,809 - DEBUG - ✅ Video reutilizado: /Users/karinalizarraga/jenkins-python-pipeline/local_videos/stars/20250217_162710_1877846_stars.mp4
2025-02-17 17:07:40,815 - DEBUG - ✅ Video reutilizado: /Users/karinalizarraga/jenkins-python-pipeline/local_videos/stars/20250217_162711_1926295_stars.mp4
2025-02-17 17:07:40,816 - DEBUG - ✅ Video reutilizado: /Users/karinalizarraga/jenkins-python-pipeline/local_videos/stars/20250217_162711_857134_stars.mp4
2025-02-17 17:07:40,816 - DEBUG - ✅ Video reutilizado: /Users/karinalizarraga/jenkins-python-pipeline/local_videos/stars/20250217_162711_857136_stars.mp4
2025-02-17 17:07:41,388 - INFO - ✅ Video guardado: /Users/karinalizarraga/jenkins-python-pipeline/local_videos/stars/20250217_170740_3194277_stars.mp4
2025-02-17 17:07:41,416 - INFO - ✅ Metadatos actualizados en: /Users/karinalizarraga/jenkins-python-pipeline/local_videos/metadatos.yaml
2025-02-17 17:07:42,421 - INFO - ⏱️ Tiempo total para completar la función: 1.89 segundos
2025-02-17 17:08:15,541 - DEBUG - ✅ Video reutilizado: /Users/karinalizarraga/jenkins-python-pipeline/local_videos/stars/20250217_162710_1877846_stars.mp4
2025-02-17 17:08:15,542 - DEBUG - ✅ Video reutilizado: /Users/karinalizarraga/jenkins-python-pipeline/local_videos/stars/20250217_162711_1926295_stars.mp4
2025-02-17 17:08:15,542 - DEBUG - ✅ Video reutilizado: /Users/karinalizarraga/jenkins-python-pipeline/local_videos/stars/20250217_162711_857134_stars.mp4
2025-02-17 17:08:15,543 - DEBUG - ✅ Video reutilizado: /Users/karinalizarraga/jenkins-python-pipeline/local_videos/stars/20250217_162711_857136_stars.mp4
2025-02-17 17:08:16,083 - INFO - ✅ Video guardado: /Users/karinalizarraga/jenkins-python-pipeline/local_videos/stars/20250217_170815_3194277_stars.mp4
2025-02-17 17:08:16,107 - INFO - ✅ Metadatos actualizados en: /Users/karinalizarraga/jenkins-python-pipeline/local_videos/metadatos.yaml
2025-02-17 17:08:17,112 - INFO - ⏱️ Tiempo total para completar la función: 1.84 segundos
2025-02-17 17:08:36,103 - DEBUG - ✅ Video reutilizado: /Users/karinalizarraga/jenkins-python-pipeline/local_videos/stars/20250217_162710_1877846_stars.mp4
2025-02-17 17:08:36,105 - DEBUG - ✅ Video reutilizado: /Users/karinalizarraga/jenkins-python-pipeline/local_videos/stars/20250217_162711_1926295_stars.mp4
2025-02-17 17:08:36,105 - DEBUG - ✅ Video reutilizado: /Users/karinalizarraga/jenkins-python-pipeline/local_videos/stars/20250217_162711_857134_stars.mp4
2025-02-17 17:08:36,105 - DEBUG - ✅ Video reutilizado: /Users/karinalizarraga/jenkins-python-pipeline/local_videos/stars/20250217_162711_857136_stars.mp4
2025-02-17 17:08:36,641 - INFO - ✅ Video guardado: /Users/karinalizarraga/jenkins-python-pipeline/local_videos/stars/20250217_170836_3194277_stars.mp4
2025-02-17 17:08:36,661 - INFO - ✅ Metadatos actualizados en: /Users/karinalizarraga/jenkins-python-pipeline/local_videos/metadatos.yaml
2025-02-17 17:08:37,661 - INFO - ⏱️ Tiempo total para completar la función: 1.84 segundos
2025-02-17 17:08:46,867 - DEBUG - ✅ Video reutilizado: /Users/karinalizarraga/jenkins-python-pipeline/local_videos/stars/20250217_162710_1877846_stars.mp4
2025-02-17 17:08:46,868 - DEBUG - ✅ Video reutilizado: /Users/karinalizarraga/jenkins-python-pipeline/local_videos/stars/20250217_162711_1926295_stars.mp4
2025-02-17 17:08:46,868 - DEBUG - ✅ Video reutilizado: /Users/karinalizarraga/jenkins-python-pipeline/local_videos/stars/20250217_162711_857134_stars.mp4
2025-02-17 17:08:46,869 - DEBUG - ✅ Video reutilizado: /Users/karinalizarraga/jenkins-python-pipeline/local_videos/stars/20250217_162711_857136_stars.mp4
2025-02-17 17:08:47,458 - INFO - ✅ Video guardado: /Users/karinalizarraga/jenkins-python-pipeline/local_videos/stars/20250217_170846_3194277_stars.mp4
2025-02-17 17:08:47,485 - INFO - ✅ Metadatos actualizados en: /Users/karinalizarraga/jenkins-python-pipeline/local_videos/metadatos.yaml
2025-02-17 17:08:48,491 - INFO - ⏱️ Tiempo total para completar la función: 1.90 segundos
2025-02-17 17:09:49,381 - DEBUG - ✅ Video reutilizado: /Users/karinalizarraga/jenkins-python-pipeline/local_videos/stars/20250217_162710_1877846_stars.mp4
2025-02-17 17:09:49,383 - DEBUG - ✅ Video reutilizado: /Users/karinalizarraga/jenkins-python-pipeline/local_videos/stars/20250217_162711_1926295_stars.mp4
2025-02-17 17:09:49,383 - DEBUG - ✅ Video reutilizado: /Users/karinalizarraga/jenkins-python-pipeline/local_videos/stars/20250217_162711_857134_stars.mp4
2025-02-17 17:09:49,383 - DEBUG - ✅ Video reutilizado: /Users/karinalizarraga/jenkins-python-pipeline/local_videos/stars/20250217_162711_857136_stars.mp4
2025-02-17 17:09:49,935 - INFO - ✅ Video guardado: /Users/karinalizarraga/jenkins-python-pipeline/local_videos/stars/20250217_170949_3194277_stars.mp4
2025-02-17 17:09:49,971 - INFO - ✅ Metadatos actualizados en: /Users/karinalizarraga/jenkins-python-pipeline/local_videos/metadatos.yaml
2025-02-17 17:09:50,976 - INFO - ⏱️ Tiempo total para completar la función: 1.87 segundos
2025-02-17 17:10:15,049 - DEBUG - ✅ Video reutilizado: /Users/karinalizarraga/jenkins-python-pipeline/local_videos/stars/20250217_162710_1877846_stars.mp4
2025-02-17 17:10:15,050 - DEBUG - ✅ Video reutilizado: /Users/karinalizarraga/jenkins-python-pipeline/local_videos/stars/20250217_162711_1926295_stars.mp4
2025-02-17 17:10:15,050 - DEBUG - ✅ Video reutilizado: /Users/karinalizarraga/jenkins-python-pipeline/local_videos/stars/20250217_162711_857134_stars.mp4
2025-02-17 17:10:15,050 - DEBUG - ✅ Video reutilizado: /Users/karinalizarraga/jenkins-python-pipeline/local_videos/stars/20250217_162711_857136_stars.mp4
2025-02-17 17:10:15,583 - INFO - ✅ Video guardado: /Users/karinalizarraga/jenkins-python-pipeline/local_videos/stars/20250217_171015_3194277_stars.mp4
2025-02-17 17:10:15,607 - INFO - ✅ Metadatos actualizados en: /Users/karinalizarraga/jenkins-python-pipeline/local_videos/metadatos.yaml
2025-02-17 17:10:16,611 - INFO - ⏱️ Tiempo total para completar la función: 1.85 segundos
2025-02-17 17:10:45,855 - DEBUG - ✅ Video reutilizado: /Users/karinalizarraga/jenkins-python-pipeline/local_videos/food/20250217_162715_1111421_food.mp4
2025-02-17 17:10:45,857 - DEBUG - ✅ Video reutilizado: /Users/karinalizarraga/jenkins-python-pipeline/local_videos/food/20250217_162715_3195650_food.mp4
2025-02-17 17:10:45,857 - DEBUG - ✅ Video reutilizado: /Users/karinalizarraga/jenkins-python-pipeline/local_videos/food/20250217_162716_3015488_food.mp4
2025-02-17 17:10:45,857 - DEBUG - ✅ Video reutilizado: /Users/karinalizarraga/jenkins-python-pipeline/local_videos/food/20250217_162717_856399_food.mp4
2025-02-17 17:10:45,857 - DEBUG - ✅ Video reutilizado: /Users/karinalizarraga/jenkins-python-pipeline/local_videos/food/20250217_162717_2620043_food.mp4
2025-02-17 17:10:46,861 - INFO - ⏱️ Tiempo total para completar la función: 1.29 segundos
2025-02-17 17:11:08,329 - DEBUG - ✅ Video reutilizado: /Users/karinalizarraga/jenkins-python-pipeline/local_videos/food/20250217_162715_1111421_food.mp4
2025-02-17 17:11:08,331 - DEBUG - ✅ Video reutilizado: /Users/karinalizarraga/jenkins-python-pipeline/local_videos/food/20250217_162715_3195650_food.mp4
2025-02-17 17:11:08,331 - DEBUG - ✅ Video reutilizado: /Users/karinalizarraga/jenkins-python-pipeline/local_videos/food/20250217_162716_3015488_food.mp4
2025-02-17 17:11:08,331 - DEBUG - ✅ Video reutilizado: /Users/karinalizarraga/jenkins-python-pipeline/local_videos/food/20250217_162717_856399_food.mp4
2025-02-17 17:11:08,331 - DEBUG - ✅ Video reutilizado: /Users/karinalizarraga/jenkins-python-pipeline/local_videos/food/20250217_162717_2620043_food.mp4
2025-02-17 17:11:09,336 - INFO - ⏱️ Tiempo total para completar la función: 1.30 segundos
2025-02-17 17:11:25,491 - DEBUG - ✅ Video reutilizado: /Users/karinalizarraga/jenkins-python-pipeline/local_videos/stars/20250217_162710_1877846_stars.mp4
2025-02-17 17:11:25,493 - DEBUG - ✅ Video reutilizado: /Users/karinalizarraga/jenkins-python-pipeline/local_videos/stars/20250217_162711_1926295_stars.mp4
2025-02-17 17:11:25,493 - DEBUG - ✅ Video reutilizado: /Users/karinalizarraga/jenkins-python-pipeline/local_videos/stars/20250217_162711_857134_stars.mp4
2025-02-17 17:11:25,493 - DEBUG - ✅ Video reutilizado: /Users/karinalizarraga/jenkins-python-pipeline/local_videos/stars/20250217_162711_857136_stars.mp4
2025-02-17 17:11:26,112 - INFO - ✅ Video guardado: /Users/karinalizarraga/jenkins-python-pipeline/local_videos/stars/20250217_171125_3194277_stars.mp4
2025-02-17 17:11:26,143 - INFO - ✅ Metadatos actualizados en: /Users/karinalizarraga/jenkins-python-pipeline/local_videos/metadatos.yaml
2025-02-17 17:11:27,143 - INFO - ⏱️ Tiempo total para completar la función: 1.92 segundos
2025-02-17 17:12:33,640 - DEBUG - ✅ Video reutilizado: /Users/karinalizarraga/jenkins-python-pipeline/local_videos/food/20250217_162715_1111421_food.mp4
2025-02-17 17:12:33,642 - DEBUG - ✅ Video reutilizado: /Users/karinalizarraga/jenkins-python-pipeline/local_videos/food/20250217_162715_3195650_food.mp4
2025-02-17 17:12:33,642 - DEBUG - ✅ Video reutilizado: /Users/karinalizarraga/jenkins-python-pipeline/local_videos/food/20250217_162716_3015488_food.mp4
2025-02-17 17:12:33,642 - DEBUG - ✅ Video reutilizado: /Users/karinalizarraga/jenkins-python-pipeline/local_videos/food/20250217_162717_856399_food.mp4
2025-02-17 17:12:33,642 - DEBUG - ✅ Video reutilizado: /Users/karinalizarraga/jenkins-python-pipeline/local_videos/food/20250217_162717_2620043_food.mp4
2025-02-17 17:12:34,644 - INFO - ⏱️ Tiempo total para completar la función: 1.29 segundos
2025-02-17 17:13:10,123 - DEBUG - ✅ Video reutilizado: /Users/karinalizarraga/jenkins-python-pipeline/local_videos/stars/20250217_162710_1877846_stars.mp4
2025-02-17 17:13:10,125 - DEBUG - ✅ Video reutilizado: /Users/karinalizarraga/jenkins-python-pipeline/local_videos/stars/20250217_162711_1926295_stars.mp4
2025-02-17 17:13:10,125 - DEBUG - ✅ Video reutilizado: /Users/karinalizarraga/jenkins-python-pipeline/local_videos/stars/20250217_162711_857134_stars.mp4
2025-02-17 17:13:10,125 - DEBUG - ✅ Video reutilizado: /Users/karinalizarraga/jenkins-python-pipeline/local_videos/stars/20250217_162711_857136_stars.mp4
2025-02-17 17:13:10,675 - INFO - ✅ Video guardado: /Users/karinalizarraga/jenkins-python-pipeline/local_videos/stars/20250217_171310_3194277_stars.mp4
2025-02-17 17:13:10,700 - INFO - ✅ Metadatos actualizados en: /Users/karinalizarraga/jenkins-python-pipeline/local_videos/metadatos.yaml
2025-02-17 17:13:11,705 - INFO - ⏱️ Tiempo total para completar la función: 1.81 segundos
2025-02-17 17:14:12,709 - DEBUG - ✅ Video reutilizado: /Users/karinalizarraga/jenkins-python-pipeline/local_videos/stars/20250217_162710_1877846_stars.mp4
2025-02-17 17:14:12,711 - DEBUG - ✅ Video reutilizado: /Users/karinalizarraga/jenkins-python-pipeline/local_videos/stars/20250217_162711_1926295_stars.mp4
2025-02-17 17:14:12,711 - DEBUG - ✅ Video reutilizado: /Users/karinalizarraga/jenkins-python-pipeline/local_videos/stars/20250217_162711_857134_stars.mp4
2025-02-17 17:14:12,711 - DEBUG - ✅ Video reutilizado: /Users/karinalizarraga/jenkins-python-pipeline/local_videos/stars/20250217_162711_857136_stars.mp4
2025-02-17 17:14:13,268 - INFO - ✅ Video guardado: /Users/karinalizarraga/jenkins-python-pipeline/local_videos/stars/20250217_171412_3194277_stars.mp4
2025-02-17 17:14:13,295 - INFO - ✅ Metadatos actualizados en: /Users/karinalizarraga/jenkins-python-pipeline/local_videos/metadatos.yaml
2025-02-17 17:14:14,301 - INFO - ⏱️ Tiempo total para completar la función: 1.87 segundos
2025-02-17 17:14:39,520 - DEBUG - ✅ Video reutilizado: /Users/karinalizarraga/jenkins-python-pipeline/local_videos/food/20250217_162715_1111421_food.mp4
2025-02-17 17:14:39,521 - DEBUG - ✅ Video reutilizado: /Users/karinalizarraga/jenkins-python-pipeline/local_videos/food/20250217_162715_3195650_food.mp4
2025-02-17 17:14:39,521 - DEBUG - ✅ Video reutilizado: /Users/karinalizarraga/jenkins-python-pipeline/local_videos/food/20250217_162716_3015488_food.mp4
2025-02-17 17:14:39,521 - DEBUG - ✅ Video reutilizado: /Users/karinalizarraga/jenkins-python-pipeline/local_videos/food/20250217_162717_856399_food.mp4
2025-02-17 17:14:39,521 - DEBUG - ✅ Video reutilizado: /Users/karinalizarraga/jenkins-python-pipeline/local_videos/food/20250217_162717_2620043_food.mp4
2025-02-17 17:14:40,526 - INFO - ⏱️ Tiempo total para completar la función: 1.34 segundos
2025-02-17 17:16:26,039 - DEBUG - ✅ Video reutilizado: /Users/karinalizarraga/jenkins-python-pipeline/local_videos/stars/20250217_162710_1877846_stars.mp4
2025-02-17 17:16:26,041 - DEBUG - ✅ Video reutilizado: /Users/karinalizarraga/jenkins-python-pipeline/local_videos/stars/20250217_162711_1926295_stars.mp4
2025-02-17 17:16:26,041 - DEBUG - ✅ Video reutilizado: /Users/karinalizarraga/jenkins-python-pipeline/local_videos/stars/20250217_162711_857134_stars.mp4
2025-02-17 17:16:26,041 - DEBUG - ✅ Video reutilizado: /Users/karinalizarraga/jenkins-python-pipeline/local_videos/stars/20250217_162711_857136_stars.mp4
2025-02-17 17:16:26,629 - INFO - ✅ Video guardado: /Users/karinalizarraga/jenkins-python-pipeline/local_videos/stars/20250217_171626_3194277_stars.mp4
2025-02-17 17:16:26,656 - INFO - ✅ Metadatos actualizados en: /Users/karinalizarraga/jenkins-python-pipeline/local_videos/metadatos.yaml
2025-02-17 17:16:27,660 - INFO - ⏱️ Tiempo total para completar la función: 2.06 segundos
2025-02-17 17:16:28,616 - DEBUG - ✅ Video reutilizado: /Users/karinalizarraga/jenkins-python-pipeline/local_videos/food/20250217_162715_1111421_food.mp4
2025-02-17 17:16:28,616 - DEBUG - ✅ Video reutilizado: /Users/karinalizarraga/jenkins-python-pipeline/local_videos/food/20250217_162715_1111421_food.mp4
2025-02-17 17:16:28,617 - DEBUG - ✅ Video reutilizado: /Users/karinalizarraga/jenkins-python-pipeline/local_videos/food/20250217_162715_3195650_food.mp4
2025-02-17 17:16:28,617 - DEBUG - ✅ Video reutilizado: /Users/karinalizarraga/jenkins-python-pipeline/local_videos/food/20250217_162715_3195650_food.mp4
2025-02-17 17:16:28,617 - DEBUG - ✅ Video reutilizado: /Users/karinalizarraga/jenkins-python-pipeline/local_videos/food/20250217_162716_3015488_food.mp4
2025-02-17 17:16:28,617 - DEBUG - ✅ Video reutilizado: /Users/karinalizarraga/jenkins-python-pipeline/local_videos/food/20250217_162716_3015488_food.mp4
2025-02-17 17:16:28,618 - DEBUG - ✅ Video reutilizado: /Users/karinalizarraga/jenkins-python-pipeline/local_videos/food/20250217_162717_856399_food.mp4
2025-02-17 17:16:28,618 - DEBUG - ✅ Video reutilizado: /Users/karinalizarraga/jenkins-python-pipeline/local_videos/food/20250217_162717_856399_food.mp4
2025-02-17 17:16:28,618 - DEBUG - ✅ Video reutilizado: /Users/karinalizarraga/jenkins-python-pipeline/local_videos/food/20250217_162717_2620043_food.mp4
2025-02-17 17:16:28,618 - DEBUG - ✅ Video reutilizado: /Users/karinalizarraga/jenkins-python-pipeline/local_videos/food/20250217_162717_2620043_food.mp4
2025-02-17 17:16:29,623 - INFO - ⏱️ Tiempo total para completar la función: 1.28 segundos
2025-02-17 17:16:29,623 - INFO - ⏱️ Tiempo total para completar la función: 1.28 segundos
2025-02-17 17:25:26,375 - DEBUG - ✅ Video reutilizado: /Users/karinalizarraga/jenkins-python-pipeline/local_videos/food/20250217_162715_1111421_food.mp4
2025-02-17 17:25:26,376 - DEBUG - ✅ Video reutilizado: /Users/karinalizarraga/jenkins-python-pipeline/local_videos/food/20250217_162715_3195650_food.mp4
2025-02-17 17:25:26,376 - DEBUG - ✅ Video reutilizado: /Users/karinalizarraga/jenkins-python-pipeline/local_videos/food/20250217_162716_3015488_food.mp4
2025-02-17 17:25:26,377 - DEBUG - ✅ Video reutilizado: /Users/karinalizarraga/jenkins-python-pipeline/local_videos/food/20250217_162717_856399_food.mp4
2025-02-17 17:25:26,377 - DEBUG - ✅ Video reutilizado: /Users/karinalizarraga/jenkins-python-pipeline/local_videos/food/20250217_162717_2620043_food.mp4
2025-02-17 17:25:27,378 - INFO - ⏱️ Tiempo total para completar la función: 1.41 segundos
2025-02-17 17:25:43,205 - DEBUG - ✅ Video reutilizado: /Users/karinalizarraga/jenkins-python-pipeline/local_videos/food/20250217_162715_1111421_food.mp4
2025-02-17 17:25:43,205 - DEBUG - ✅ Video reutilizado: /Users/karinalizarraga/jenkins-python-pipeline/local_videos/food/20250217_162715_1111421_food.mp4
2025-02-17 17:25:43,206 - DEBUG - ✅ Video reutilizado: /Users/karinalizarraga/jenkins-python-pipeline/local_videos/food/20250217_162715_3195650_food.mp4
2025-02-17 17:25:43,206 - DEBUG - ✅ Video reutilizado: /Users/karinalizarraga/jenkins-python-pipeline/local_videos/food/20250217_162715_3195650_food.mp4
2025-02-17 17:25:43,206 - DEBUG - ✅ Video reutilizado: /Users/karinalizarraga/jenkins-python-pipeline/local_videos/food/20250217_162716_3015488_food.mp4
2025-02-17 17:25:43,206 - DEBUG - ✅ Video reutilizado: /Users/karinalizarraga/jenkins-python-pipeline/local_videos/food/20250217_162716_3015488_food.mp4
2025-02-17 17:25:43,206 - DEBUG - ✅ Video reutilizado: /Users/karinalizarraga/jenkins-python-pipeline/local_videos/food/20250217_162717_856399_food.mp4
2025-02-17 17:25:43,206 - DEBUG - ✅ Video reutilizado: /Users/karinalizarraga/jenkins-python-pipeline/local_videos/food/20250217_162717_856399_food.mp4
2025-02-17 17:25:43,206 - DEBUG - ✅ Video reutilizado: /Users/karinalizarraga/jenkins-python-pipeline/local_videos/food/20250217_162717_2620043_food.mp4
2025-02-17 17:25:43,206 - DEBUG - ✅ Video reutilizado: /Users/karinalizarraga/jenkins-python-pipeline/local_videos/food/20250217_162717_2620043_food.mp4
2025-02-17 17:25:44,212 - INFO - ⏱️ Tiempo total para completar la función: 1.32 segundos
2025-02-17 17:25:44,212 - INFO - ⏱️ Tiempo total para completar la función: 1.32 segundos
2025-02-17 17:32:42,220 - DEBUG - 📁 Carpeta creada: /Users/karinalizarraga/jenkins-python-pipeline/local_videos/relativity
2025-02-17 17:32:42,497 - INFO - ✅ Video guardado: /Users/karinalizarraga/jenkins-python-pipeline/local_videos/relativity/20250217_173242_30746050_relativity.mp4
2025-02-17 17:32:42,539 - INFO - ✅ Metadatos actualizados en: /Users/karinalizarraga/jenkins-python-pipeline/local_videos/metadatos.yaml
2025-02-17 17:32:43,544 - INFO - ⏱️ Tiempo total para completar la función: 1.80 segundos
2025-02-17 17:32:43,979 - DEBUG - 📁 Carpeta creada: /Users/karinalizarraga/jenkins-python-pipeline/local_videos/time
2025-02-17 17:32:44,655 - INFO - ✅ Video guardado: /Users/karinalizarraga/jenkins-python-pipeline/local_videos/time/20250217_173243_1196530_time.mp4
2025-02-17 17:32:44,685 - INFO - ✅ Metadatos actualizados en: /Users/karinalizarraga/jenkins-python-pipeline/local_videos/metadatos.yaml
2025-02-17 17:32:45,690 - INFO - ⏱️ Tiempo total para completar la función: 2.15 segundos
2025-02-17 17:32:46,142 - DEBUG - 📁 Carpeta creada: /Users/karinalizarraga/jenkins-python-pipeline/local_videos/gravity
2025-02-17 17:32:47,094 - INFO - ✅ Video guardado: /Users/karinalizarraga/jenkins-python-pipeline/local_videos/gravity/20250217_173246_2833611_gravity.mp4
2025-02-17 17:32:47,151 - INFO - ✅ Metadatos actualizados en: /Users/karinalizarraga/jenkins-python-pipeline/local_videos/metadatos.yaml
2025-02-17 17:32:48,156 - INFO - ⏱️ Tiempo total para completar la función: 2.46 segundos
2025-02-17 17:32:48,773 - DEBUG - ✅ Video reutilizado: /Users/karinalizarraga/jenkins-python-pipeline/local_videos/space/20250217_162707_1851190_space.mp4
2025-02-17 17:32:49,776 - INFO - ⏱️ Tiempo total para completar la función: 1.62 segundos
2025-02-17 17:32:50,205 - DEBUG - 📁 Carpeta creada: /Users/karinalizarraga/jenkins-python-pipeline/local_videos/speed
2025-02-17 17:32:50,489 - INFO - ✅ Video guardado: /Users/karinalizarraga/jenkins-python-pipeline/local_videos/speed/20250217_173250_2257256_speed.mp4
2025-02-17 17:32:50,528 - INFO - ✅ Metadatos actualizados en: /Users/karinalizarraga/jenkins-python-pipeline/local_videos/metadatos.yaml
2025-02-17 17:32:51,532 - INFO - ⏱️ Tiempo total para completar la función: 1.76 segundos
2025-02-17 17:33:42,663 - DEBUG - ✅ Video reutilizado: /Users/karinalizarraga/jenkins-python-pipeline/local_videos/relativity/20250217_173242_30746050_relativity.mp4
2025-02-17 17:33:43,668 - INFO - ⏱️ Tiempo total para completar la función: 1.30 segundos
2025-02-17 17:33:43,975 - DEBUG - ✅ Video reutilizado: /Users/karinalizarraga/jenkins-python-pipeline/local_videos/time/20250217_173243_1196530_time.mp4
2025-02-17 17:33:44,977 - INFO - ⏱️ Tiempo total para completar la función: 1.31 segundos
2025-02-17 17:33:45,302 - DEBUG - ✅ Video reutilizado: /Users/karinalizarraga/jenkins-python-pipeline/local_videos/gravity/20250217_173246_2833611_gravity.mp4
2025-02-17 17:33:46,303 - INFO - ⏱️ Tiempo total para completar la función: 1.32 segundos
2025-02-17 17:33:46,557 - DEBUG - ✅ Video reutilizado: /Users/karinalizarraga/jenkins-python-pipeline/local_videos/space/20250217_162707_1851190_space.mp4
2025-02-17 17:33:47,562 - INFO - ⏱️ Tiempo total para completar la función: 1.26 segundos
2025-02-17 17:33:47,959 - DEBUG - ✅ Video reutilizado: /Users/karinalizarraga/jenkins-python-pipeline/local_videos/speed/20250217_173250_2257256_speed.mp4
2025-02-17 17:33:48,965 - INFO - ⏱️ Tiempo total para completar la función: 1.40 segundos
2025-02-17 17:34:18,985 - DEBUG - ✅ Video reutilizado: /Users/karinalizarraga/jenkins-python-pipeline/local_videos/relativity/20250217_173242_30746050_relativity.mp4
2025-02-17 17:34:19,990 - INFO - ⏱️ Tiempo total para completar la función: 1.47 segundos
2025-02-17 17:34:20,292 - DEBUG - ✅ Video reutilizado: /Users/karinalizarraga/jenkins-python-pipeline/local_videos/time/20250217_173243_1196530_time.mp4
2025-02-17 17:34:21,294 - INFO - ⏱️ Tiempo total para completar la función: 1.30 segundos
2025-02-17 17:34:21,620 - DEBUG - ✅ Video reutilizado: /Users/karinalizarraga/jenkins-python-pipeline/local_videos/gravity/20250217_173246_2833611_gravity.mp4
2025-02-17 17:34:22,625 - INFO - ⏱️ Tiempo total para completar la función: 1.33 segundos
2025-02-17 17:34:22,949 - DEBUG - ✅ Video reutilizado: /Users/karinalizarraga/jenkins-python-pipeline/local_videos/space/20250217_162707_1851190_space.mp4
2025-02-17 17:34:23,949 - INFO - ⏱️ Tiempo total para completar la función: 1.32 segundos
2025-02-17 17:34:24,310 - DEBUG - ✅ Video reutilizado: /Users/karinalizarraga/jenkins-python-pipeline/local_videos/speed/20250217_173250_2257256_speed.mp4
2025-02-17 17:34:25,315 - INFO - ⏱️ Tiempo total para completar la función: 1.36 segundos
